<?xml version="1.0" encoding="UTF-8"?>
<testsuite xmlns:xsi="http://www.w3.org/2001/XMLSchema-instance" xsi:noNamespaceSchemaLocation="https://maven.apache.org/surefire/maven-surefire-plugin/xsd/surefire-test-report-3.0.xsd" version="3.0" name="com.example.demo.ControllerRestConfig.SupplierControllerIntegrationTest" time="8.098" tests="7" errors="0" skipped="0" failures="0">
  <properties>
[...]
</properties>
  <testcase name="testUpdateSupplier" classname="com.example.demo.ControllerRestConfig.SupplierControllerIntegrationTest" time="2.097">
    <system-out><![CDATA[18:36:28.330 [main] INFO org.springframework.test.context.support.AnnotationConfigContextLoaderUtils -- Could not detect default configuration classes for test class [com.example.demo.ControllerRestConfig.SupplierControllerIntegrationTest]: SupplierControllerIntegrationTest does not declare any static, non-private, non-final, nested classes annotated with @Configuration.
18:36:28.426 [main] INFO org.springframework.boot.test.context.SpringBootTestContextBootstrapper -- Found @SpringBootConfiguration com.example.demo.DemoApplication for test class com.example.demo.ControllerRestConfig.SupplierControllerIntegrationTest

  .   ____          _            __ _ _
 /\\ / ___'_ __ _ _(_)_ __  __ _ \ \ \ \
( ( )\___ | '_ | '_| | '_ \/ _` | \ \ \ \
 \\/  ___)| |_)| | | | | || (_| |  ) ) ) )
  '  |____| .__|_| |_|_| |_\__, | / / / /
 =========|_|==============|___/=/_/_/_/
 :: Spring Boot ::                (v3.1.2)

2023-09-14T18:36:28.806+05:30  INFO 105595 --- [           main] .e.d.C.SupplierControllerIntegrationTest : Starting SupplierControllerIntegrationTest using Java 17.0.8 with PID 105595 (started by ishara in /home/ishara/Documents/REST docs for rest assured testing/demo)
2023-09-14T18:36:28.808+05:30  INFO 105595 --- [           main] .e.d.C.SupplierControllerIntegrationTest : No active profile set, falling back to 1 default profile: "default"
2023-09-14T18:36:29.822+05:30  INFO 105595 --- [           main] .s.d.r.c.RepositoryConfigurationDelegate : Bootstrapping Spring Data JPA repositories in DEFAULT mode.
2023-09-14T18:36:29.863+05:30  INFO 105595 --- [           main] .s.d.r.c.RepositoryConfigurationDelegate : Finished Spring Data repository scanning in 35 ms. Found 1 JPA repository interfaces.
2023-09-14T18:36:30.401+05:30  INFO 105595 --- [           main] o.s.b.w.embedded.tomcat.TomcatWebServer  : Tomcat initialized with port(s): 0 (http)
2023-09-14T18:36:30.410+05:30  INFO 105595 --- [           main] o.apache.catalina.core.StandardService   : Starting service [Tomcat]
2023-09-14T18:36:30.410+05:30  INFO 105595 --- [           main] o.apache.catalina.core.StandardEngine    : Starting Servlet engine: [Apache Tomcat/10.1.11]
2023-09-14T18:36:30.526+05:30  INFO 105595 --- [           main] o.a.c.c.C.[Tomcat].[localhost].[/]       : Initializing Spring embedded WebApplicationContext
2023-09-14T18:36:30.528+05:30  INFO 105595 --- [           main] w.s.c.ServletWebServerApplicationContext : Root WebApplicationContext: initialization completed in 1518 ms
2023-09-14T18:36:30.793+05:30  INFO 105595 --- [           main] o.hibernate.jpa.internal.util.LogHelper  : HHH000204: Processing PersistenceUnitInfo [name: default]
2023-09-14T18:36:30.833+05:30  INFO 105595 --- [           main] org.hibernate.Version                    : HHH000412: Hibernate ORM core version 6.2.6.Final
2023-09-14T18:36:30.835+05:30  INFO 105595 --- [           main] org.hibernate.cfg.Environment            : HHH000406: Using bytecode reflection optimizer
2023-09-14T18:36:30.951+05:30  INFO 105595 --- [           main] o.h.b.i.BytecodeProviderInitiator        : HHH000021: Bytecode provider name : bytebuddy
2023-09-14T18:36:31.051+05:30  INFO 105595 --- [           main] o.s.o.j.p.SpringPersistenceUnitInfo      : No LoadTimeWeaver setup: ignoring JPA class transformer
2023-09-14T18:36:31.064+05:30  INFO 105595 --- [           main] com.zaxxer.hikari.HikariDataSource       : HikariPool-1 - Starting...
2023-09-14T18:36:31.328+05:30  INFO 105595 --- [           main] com.zaxxer.hikari.pool.HikariPool        : HikariPool-1 - Added connection com.mysql.cj.jdbc.ConnectionImpl@34e68840
2023-09-14T18:36:31.336+05:30  INFO 105595 --- [           main] com.zaxxer.hikari.HikariDataSource       : HikariPool-1 - Start completed.
2023-09-14T18:36:31.533+05:30  INFO 105595 --- [           main] o.h.b.i.BytecodeProviderInitiator        : HHH000021: Bytecode provider name : bytebuddy
2023-09-14T18:36:32.176+05:30  INFO 105595 --- [           main] o.h.e.t.j.p.i.JtaPlatformInitiator       : HHH000490: Using JtaPlatform implementation: [org.hibernate.engine.transaction.jta.platform.internal.NoJtaPlatform]
2023-09-14T18:36:32.224+05:30  INFO 105595 --- [           main] j.LocalContainerEntityManagerFactoryBean : Initialized JPA EntityManagerFactory for persistence unit 'default'
2023-09-14T18:36:32.558+05:30  WARN 105595 --- [           main] JpaBaseConfiguration$JpaWebConfiguration : spring.jpa.open-in-view is enabled by default. Therefore, database queries may be performed during view rendering. Explicitly configure spring.jpa.open-in-view to disable this warning
2023-09-14T18:36:33.407+05:30  INFO 105595 --- [           main] o.s.b.a.e.web.EndpointLinksResolver      : Exposing 1 endpoint(s) beneath base path '/actuator'
2023-09-14T18:36:33.502+05:30  INFO 105595 --- [           main] o.s.b.w.embedded.tomcat.TomcatWebServer  : Tomcat started on port(s): 44365 (http) with context path ''
2023-09-14T18:36:33.521+05:30  INFO 105595 --- [           main] .e.d.C.SupplierControllerIntegrationTest : Started SupplierControllerIntegrationTest in 4.976 seconds (process running for 5.85)
2023-09-14T18:36:34.800+05:30  INFO 105595 --- [o-auto-1-exec-1] o.a.c.c.C.[Tomcat].[localhost].[/]       : Initializing Spring DispatcherServlet 'dispatcherServlet'
2023-09-14T18:36:34.800+05:30  INFO 105595 --- [o-auto-1-exec-1] o.s.web.servlet.DispatcherServlet        : Initializing Servlet 'dispatcherServlet'
2023-09-14T18:36:34.802+05:30  INFO 105595 --- [o-auto-1-exec-1] o.s.web.servlet.DispatcherServlet        : Completed initialization in 2 ms
Hibernate: 
    select
        s1_0.supplier_id,
        s1_0.address,
        s1_0.contact_details,
        s1_0.supplier_name,
        s1_0.specialties 
    from
        suppliers s1_0 
    where
        s1_0.supplier_id=?
]]></system-out>
  </testcase>
  <testcase name="testCreateSupplier" classname="com.example.demo.ControllerRestConfig.SupplierControllerIntegrationTest" time="0.096">
    <system-out><![CDATA[Hibernate: 
    insert 
    into
        suppliers
        (address,contact_details,supplier_name,specialties) 
    values
        (?,?,?,?)
]]></system-out>
  </testcase>
  <testcase name="testUpdateNonExistingSupplier" classname="com.example.demo.ControllerRestConfig.SupplierControllerIntegrationTest" time="0.131">
    <system-out><![CDATA[Hibernate: 
    select
        s1_0.supplier_id,
        s1_0.address,
        s1_0.contact_details,
        s1_0.supplier_name,
        s1_0.specialties 
    from
        suppliers s1_0 
    where
        s1_0.supplier_id=?
]]></system-out>
  </testcase>
  <testcase name="testGetAllSuppliers" classname="com.example.demo.ControllerRestConfig.SupplierControllerIntegrationTest" time="0.18">
    <system-out><![CDATA[Hibernate: 
    select
        s1_0.supplier_id,
        s1_0.address,
        s1_0.contact_details,
        s1_0.supplier_name,
        s1_0.specialties 
    from
        suppliers s1_0
]]></system-out>
  </testcase>
  <testcase name="testGetSupplierByIdExisting" classname="com.example.demo.ControllerRestConfig.SupplierControllerIntegrationTest" time="0.091">
    <system-out><![CDATA[Hibernate: 
    select
        s1_0.supplier_id,
        s1_0.address,
        s1_0.contact_details,
        s1_0.supplier_name,
        s1_0.specialties 
    from
        suppliers s1_0 
    where
        s1_0.supplier_id=?
]]></system-out>
  </testcase>
  <testcase name="testDeleteSupplier" classname="com.example.demo.ControllerRestConfig.SupplierControllerIntegrationTest" time="0.044">
    <system-out><![CDATA[Hibernate: 
    select
        s1_0.supplier_id,
        s1_0.address,
        s1_0.contact_details,
        s1_0.supplier_name,
        s1_0.specialties 
    from
        suppliers s1_0 
    where
        s1_0.supplier_id=?
]]></system-out>
  </testcase>
  <testcase name="testGetSupplierByIdNonExisting" classname="com.example.demo.ControllerRestConfig.SupplierControllerIntegrationTest" time="0.049">
    <system-out><![CDATA[Hibernate: 
    select
        s1_0.supplier_id,
        s1_0.address,
        s1_0.contact_details,
        s1_0.supplier_name,
        s1_0.specialties 
    from
        suppliers s1_0 
    where
        s1_0.supplier_id=?
]]></system-out>
  </testcase>
</testsuite>